2025-03-31 13:55:27,062 - update_database - INFO - Starting database update job...
2025-03-31 13:55:27,062 - update_database - INFO - Starting database update job...
AvitoScraping Database Update
-----------------------------
Running update job now...
Starting Avito.ru scraping process...

Scraping ГАЗ ГАЗель Next (Table: gazel_next)
  Searching for: ГАЗель Next
  Found 50 listings
  Searching for: ГАЗель Некст
  Found 50 listings
  Searching for: GAZel Next
  Found 50 listings
  Total unique listings: 98
Processing listings:   0%|          | 0/98 [00:00<?, ?listing/s]Processing listings:   1%|          | 1/98 [00:03<05:02,  3.12s/listing]Processing listings:   2%|▏         | 2/98 [00:06<05:10,  3.24s/listing]Processing listings:   3%|▎         | 3/98 [00:09<05:16,  3.33s/listing]Processing listings:   4%|▍         | 4/98 [00:12<04:51,  3.10s/listing]Processing listings:   5%|▌         | 5/98 [00:15<04:34,  2.95s/listing]Processing listings:   6%|▌         | 6/98 [00:18<04:51,  3.16s/listing]Processing listings:   7%|▋         | 7/98 [00:22<05:03,  3.33s/listing]Processing listings:   8%|▊         | 8/98 [00:26<05:05,  3.40s/listing]Processing listings:   9%|▉         | 9/98 [00:29<05:15,  3.54s/listing]2025-03-31 13:56:14,637 - retry.api - WARNING - 429 Client Error: Too Many Requests for url: https://www.avito.ru/orenburg/gruzoviki_i_spetstehnika/evakuator_gaz_gazel_next_2022_4550103871?context=H4sIAAAAAAAA_wEmANn_YToxOntzOjE6IngiO3M6MTY6IjZ2bTFDQmpCTEVXRTIyUlEiO30ywSg9JgAAAA, retrying in 2 seconds...
2025-03-31 13:56:14,637 - retry.api - WARNING - 429 Client Error: Too Many Requests for url: https://www.avito.ru/orenburg/gruzoviki_i_spetstehnika/evakuator_gaz_gazel_next_2022_4550103871?context=H4sIAAAAAAAA_wEmANn_YToxOntzOjE6IngiO3M6MTY6IjZ2bTFDQmpCTEVXRTIyUlEiO30ywSg9JgAAAA, retrying in 2 seconds...
2025-03-31 13:56:16,897 - retry.api - WARNING - 429 Client Error: Too Many Requests for url: https://www.avito.ru/orenburg/gruzoviki_i_spetstehnika/evakuator_gaz_gazel_next_2022_4550103871?context=H4sIAAAAAAAA_wEmANn_YToxOntzOjE6IngiO3M6MTY6IjZ2bTFDQmpCTEVXRTIyUlEiO30ywSg9JgAAAA, retrying in 4 seconds...
2025-03-31 13:56:16,897 - retry.api - WARNING - 429 Client Error: Too Many Requests for url: https://www.avito.ru/orenburg/gruzoviki_i_spetstehnika/evakuator_gaz_gazel_next_2022_4550103871?context=H4sIAAAAAAAA_wEmANn_YToxOntzOjE6IngiO3M6MTY6IjZ2bTFDQmpCTEVXRTIyUlEiO30ywSg9JgAAAA, retrying in 4 seconds...
Processing listings:  10%|█         | 10/98 [00:39<08:01,  5.47s/listing]2025-03-31 13:56:24,408 - retry.api - WARNING - 429 Client Error: Too Many Requests for url: https://www.avito.ru/borisoglebsk/gruzoviki_i_spetstehnika/shassi_gaz_gazel_next_a21r32_2014_4163222582?context=H4sIAAAAAAAA_wEmANn_YToxOntzOjE6IngiO3M6MTY6IjZ2bTFDQmpCTEVXRTIyUlEiO30ywSg9JgAAAA, retrying in 2 seconds...
2025-03-31 13:56:24,408 - retry.api - WARNING - 429 Client Error: Too Many Requests for url: https://www.avito.ru/borisoglebsk/gruzoviki_i_spetstehnika/shassi_gaz_gazel_next_a21r32_2014_4163222582?context=H4sIAAAAAAAA_wEmANn_YToxOntzOjE6IngiO3M6MTY6IjZ2bTFDQmpCTEVXRTIyUlEiO30ywSg9JgAAAA, retrying in 2 seconds...
2025-03-31 13:56:26,657 - retry.api - WARNING - 429 Client Error: Too Many Requests for url: https://www.avito.ru/borisoglebsk/gruzoviki_i_spetstehnika/shassi_gaz_gazel_next_a21r32_2014_4163222582?context=H4sIAAAAAAAA_wEmANn_YToxOntzOjE6IngiO3M6MTY6IjZ2bTFDQmpCTEVXRTIyUlEiO30ywSg9JgAAAA, retrying in 4 seconds...
2025-03-31 13:56:26,657 - retry.api - WARNING - 429 Client Error: Too Many Requests for url: https://www.avito.ru/borisoglebsk/gruzoviki_i_spetstehnika/shassi_gaz_gazel_next_a21r32_2014_4163222582?context=H4sIAAAAAAAA_wEmANn_YToxOntzOjE6IngiO3M6MTY6IjZ2bTFDQmpCTEVXRTIyUlEiO30ywSg9JgAAAA, retrying in 4 seconds...
